{
  "RSpec": {
    "coverage": {
      "/home/tquimbo/tic-tac-toe-rb-online-web-sp-000/lib/tic_tac_toe.rb": [
        1,
        21,
        21,
        21,
        21,
        21,
        null,
        null,
        null,
        1,
        20,
        17,
        null,
        3,
        null,
        null,
        null,
        null,
        1,
        20,
        null,
        null,
        1,
        19,
        null,
        null,
        1,
        17,
        17,
        17,
        17,
        16,
        16,
        null,
        1,
        null,
        null,
        null,
        1,
        2,
        2,
        18,
        5,
        null,
        null,
        2,
        null,
        null,
        1,
        1,
        1,
        0,
        0,
        null,
        null,
        null,
        1,
        22,
        null,
        null,
        1,
        null,
        1,
        24,
        152,
        8,
        144,
        3,
        null,
        null,
        13,
        null,
        null,
        1,
        26,
        101,
        null,
        null,
        null,
        null,
        1,
        12,
        1,
        null,
        null,
        null,
        1,
        21,
        12,
        null,
        null,
        null,
        1,
        3,
        2,
        null,
        null,
        null,
        1,
        12,
        14,
        null,
        null,
        12,
        null,
        12,
        null,
        null,
        null,
        null
      ]
    },
    "timestamp": 1614481422
  }
}
